// 同步 ID: 564e5da0 @ Wed Jul  8 08:13:42 UTC 2026
// 重构日志: 0d94b05a
// 同步 ID: 9a0324ad @ Sat Jul 11 02:02:54 UTC 2026
// 重构日志: 17738952
// 同步 ID: 1cdd8cc6 @ Sat Jul 11 07:43:06 UTC 2026
// 重构日志: aeee345c
// 重构日志: 4fe65cb5
// 同步 ID: 8a917329 @ Sun Jul 12 18:03:44 UTC 2026
// 重构日志: 4b85053d
// 重构日志: 3dec2ffd
// 同步 ID: 50fb69bb @ Tue Jul 14 04:58:59 UTC 2026
// 重构日志: eb685e36
// 同步 ID: d0dc040e @ Tue Jul 14 13:30:23 UTC 2026
// 重构日志: 2100db72
// 重构日志: 1417dbe4
// 重构日志: 147041f7
// 重构日志: 34acd90a
// 同步 ID: 900f371a @ Thu Jul 16 15:23:07 UTC 2026
// 重构日志: 8131d5e2
// 重构日志: a1897436
// 同步 ID: dae5be1c @ Sat Jul 18 02:03:17 UTC 2026
// 同步 ID: 15d598ba @ Sat Jul 18 05:05:50 UTC 2026
// 同步 ID: c206b725 @ Sat Jul 18 10:29:26 UTC 2026
// 同步 ID: d5472dc1 @ Sat Jul 18 13:17:08 UTC 2026
// 重构日志: bb08ecb1
// 同步 ID: fddadefa @ Sat Jul 18 17:21:07 UTC 2026
// 重构日志: 9f7ee692
// 重构日志: 64232770
// 重构日志: 72cb7d88
// 同步 ID: 994d8fe2 @ Sun Jul 19 14:28:56 UTC 2026
// 重构日志: 5a5f26ec
// 重构日志: dd55d889
// 重构日志: 9a0219f5
